E:\ASIDE_SDY_OPENGL_R16\ASIDE_SDY_OPENGL\DEBUG\ASIDE_SDY_OPENGL.EXE.INTERMEDIATE.MANIFEST
E:\aside_sdy_opengl_r16\aside_sdy_opengl\Debug\aside_sdy_opengl.vcxprojResolveAssemblyReference.cache
E:\aside_sdy_opengl_r16\aside_sdy_opengl\Debug\aside_sdy_opengl.write.1.tlog
E:\ASIDE_SDY_OPENGL_R16\ASIDE_SDY_OPENGL\DEBUG\BISTREAM.OBJ
E:\aside_sdy_opengl_r16\aside_sdy_opengl\Debug\cl.command.1.tlog
E:\aside_sdy_opengl_r16\aside_sdy_opengl\Debug\CL.read.1.tlog
E:\aside_sdy_opengl_r16\aside_sdy_opengl\Debug\CL.write.1.tlog
E:\ASIDE_SDY_OPENGL_R16\ASIDE_SDY_OPENGL\DEBUG\CONVERT_XML_CODE.OBJ
E:\ASIDE_SDY_OPENGL_R16\ASIDE_SDY_OPENGL\DEBUG\DTDVALID.OBJ
E:\ASIDE_SDY_OPENGL_R16\ASIDE_SDY_OPENGL\DEBUG\ENCODING.OBJ
E:\ASIDE_SDY_OPENGL_R16\ASIDE_SDY_OPENGL\DEBUG\FREE_MEMORY.OBJ
E:\ASIDE_SDY_OPENGL_R16\ASIDE_SDY_OPENGL\DEBUG\GEN_SDY_CONFIG_DD.OBJ
E:\ASIDE_SDY_OPENGL_R16\ASIDE_SDY_OPENGL\DEBUG\GEN_SDY_OBJECT_DD.OBJ
E:\ASIDE_SDY_OPENGL_R16\ASIDE_SDY_OPENGL\DEBUG\GEN_SDY_SOURCE_DD.OBJ
E:\ASIDE_SDY_OPENGL_R16\ASIDE_SDY_OPENGL\DEBUG\INHERIT_TRACE_COMMENT.OBJ
E:\aside_sdy_opengl_r16\aside_sdy_opengl\Debug\link.6172.read.1.tlog
E:\aside_sdy_opengl_r16\aside_sdy_opengl\Debug\link.6172.write.1.tlog
E:\aside_sdy_opengl_r16\aside_sdy_opengl\Debug\link.9464.read.1.tlog
E:\aside_sdy_opengl_r16\aside_sdy_opengl\Debug\link.9464.write.1.tlog
E:\aside_sdy_opengl_r16\aside_sdy_opengl\Debug\link.command.1.tlog
E:\aside_sdy_opengl_r16\aside_sdy_opengl\Debug\link.read.1.tlog
E:\aside_sdy_opengl_r16\aside_sdy_opengl\Debug\link.write.1.tlog
E:\ASIDE_SDY_OPENGL_R16\ASIDE_SDY_OPENGL\DEBUG\MAIN.OBJ
E:\aside_sdy_opengl_r16\aside_sdy_opengl\Debug\mt.command.1.tlog
E:\aside_sdy_opengl_r16\aside_sdy_opengl\Debug\mt.read.1.tlog
E:\aside_sdy_opengl_r16\aside_sdy_opengl\Debug\mt.write.1.tlog
E:\ASIDE_SDY_OPENGL_R16\ASIDE_SDY_OPENGL\DEBUG\PARSE_COLOR_TABLE.OBJ
E:\ASIDE_SDY_OPENGL_R16\ASIDE_SDY_OPENGL\DEBUG\PARSE_FONT_TABLE.OBJ
E:\ASIDE_SDY_OPENGL_R16\ASIDE_SDY_OPENGL\DEBUG\PARSE_LINE_STIPPLE_TABLE.OBJ
E:\ASIDE_SDY_OPENGL_R16\ASIDE_SDY_OPENGL\DEBUG\PARSE_LINE_WIDTH_TABLE.OBJ
E:\ASIDE_SDY_OPENGL_R16\ASIDE_SDY_OPENGL\DEBUG\PARSE_OBJECT_PROPERTY.OBJ
E:\ASIDE_SDY_OPENGL_R16\ASIDE_SDY_OPENGL\DEBUG\PARSE_SDY_PROJECT.OBJ
E:\ASIDE_SDY_OPENGL_R16\ASIDE_SDY_OPENGL\DEBUG\PARSE_SDY_SOURCE.OBJ
E:\ASIDE_SDY_OPENGL_R16\ASIDE_SDY_OPENGL\DEBUG\PARSE_TEXTURE_TABLE.OBJ
E:\ASIDE_SDY_OPENGL_R16\ASIDE_SDY_OPENGL\DEBUG\PARSE_TRACE_FILE.OBJ
E:\ASIDE_SDY_OPENGL_R16\ASIDE_SDY_OPENGL\DEBUG\PARSIFAL.OBJ
E:\ASIDE_SDY_OPENGL_R16\ASIDE_SDY_OPENGL\DEBUG\PROCESS_FILE_AND_DIR.OBJ
E:\ASIDE_SDY_OPENGL_R16\ASIDE_SDY_OPENGL\DEBUG\PROCESS_SDY_CODE.OBJ
E:\ASIDE_SDY_OPENGL_R16\ASIDE_SDY_OPENGL\DEBUG\SCADE_DISPLAY_DIR.OBJ
E:\ASIDE_SDY_OPENGL_R16\ASIDE_SDY_OPENGL\DEBUG\UTILITIES.OBJ
E:\aside_sdy_opengl_r16\aside_sdy_opengl\Debug\vc100.idb
E:\ASIDE_SDY_OPENGL_R16\ASIDE_SDY_OPENGL\DEBUG\VC100.PDB
E:\ASIDE_SDY_OPENGL_R16\ASIDE_SDY_OPENGL\DEBUG\XMLHASH.OBJ
E:\ASIDE_SDY_OPENGL_R16\ASIDE_SDY_OPENGL\DEBUG\XMLPOOL.OBJ
E:\ASIDE_SDY_OPENGL_R16\ASIDE_SDY_OPENGL\DEBUG\XMLSBUF.OBJ
E:\ASIDE_SDY_OPENGL_R16\ASIDE_SDY_OPENGL\DEBUG\XMLVECT.OBJ
E:\ASIDE_SDY_OPENGL_R16\DEBUG\ASIDE_SDY_OPENGL.EXE
E:\aside_sdy_opengl_r16\Debug\aside_sdy_opengl.exe.manifest
E:\ASIDE_SDY_OPENGL_R16\DEBUG\ASIDE_SDY_OPENGL.ILK
E:\ASIDE_SDY_OPENGL_R16\DEBUG\ASIDE_SDY_OPENGL.PDB
E:\ASIDE_SDY_OPENGL_R16_2016\ASIDE_SDY_OPENGL\DEBUG\ASIDE_SDY_OPENGL.EXE.INTERMEDIATE.MANIFEST
E:\ASIDE_SDY_OPENGL_R16_2016\ASIDE_SDY_OPENGL\DEBUG\BISTREAM.OBJ
E:\ASIDE_SDY_OPENGL_R16_2016\ASIDE_SDY_OPENGL\DEBUG\CONVERT_XML_CODE.OBJ
E:\ASIDE_SDY_OPENGL_R16_2016\ASIDE_SDY_OPENGL\DEBUG\DTDVALID.OBJ
E:\ASIDE_SDY_OPENGL_R16_2016\ASIDE_SDY_OPENGL\DEBUG\ENCODING.OBJ
E:\ASIDE_SDY_OPENGL_R16_2016\ASIDE_SDY_OPENGL\DEBUG\FREE_MEMORY.OBJ
E:\ASIDE_SDY_OPENGL_R16_2016\ASIDE_SDY_OPENGL\DEBUG\GEN_SDY_CONFIG_DD.OBJ
E:\ASIDE_SDY_OPENGL_R16_2016\ASIDE_SDY_OPENGL\DEBUG\GEN_SDY_OBJECT_DD.OBJ
E:\ASIDE_SDY_OPENGL_R16_2016\ASIDE_SDY_OPENGL\DEBUG\GEN_SDY_SOURCE_DD.OBJ
E:\ASIDE_SDY_OPENGL_R16_2016\ASIDE_SDY_OPENGL\DEBUG\INHERIT_TRACE_COMMENT.OBJ
E:\ASIDE_SDY_OPENGL_R16_2016\ASIDE_SDY_OPENGL\DEBUG\MAIN.OBJ
E:\ASIDE_SDY_OPENGL_R16_2016\ASIDE_SDY_OPENGL\DEBUG\PARSE_COLOR_TABLE.OBJ
E:\ASIDE_SDY_OPENGL_R16_2016\ASIDE_SDY_OPENGL\DEBUG\PARSE_FONT_TABLE.OBJ
E:\ASIDE_SDY_OPENGL_R16_2016\ASIDE_SDY_OPENGL\DEBUG\PARSE_LINE_STIPPLE_TABLE.OBJ
E:\ASIDE_SDY_OPENGL_R16_2016\ASIDE_SDY_OPENGL\DEBUG\PARSE_LINE_WIDTH_TABLE.OBJ
E:\ASIDE_SDY_OPENGL_R16_2016\ASIDE_SDY_OPENGL\DEBUG\PARSE_OBJECT_PROPERTY.OBJ
E:\ASIDE_SDY_OPENGL_R16_2016\ASIDE_SDY_OPENGL\DEBUG\PARSE_SDY_PROJECT.OBJ
E:\ASIDE_SDY_OPENGL_R16_2016\ASIDE_SDY_OPENGL\DEBUG\PARSE_SDY_SOURCE.OBJ
E:\ASIDE_SDY_OPENGL_R16_2016\ASIDE_SDY_OPENGL\DEBUG\PARSE_TEXTURE_TABLE.OBJ
E:\ASIDE_SDY_OPENGL_R16_2016\ASIDE_SDY_OPENGL\DEBUG\PARSE_TRACE_FILE.OBJ
E:\ASIDE_SDY_OPENGL_R16_2016\ASIDE_SDY_OPENGL\DEBUG\PARSIFAL.OBJ
E:\ASIDE_SDY_OPENGL_R16_2016\ASIDE_SDY_OPENGL\DEBUG\PROCESS_FILE_AND_DIR.OBJ
E:\ASIDE_SDY_OPENGL_R16_2016\ASIDE_SDY_OPENGL\DEBUG\PROCESS_SDY_CODE.OBJ
E:\ASIDE_SDY_OPENGL_R16_2016\ASIDE_SDY_OPENGL\DEBUG\SCADE_DISPLAY_DIR.OBJ
E:\ASIDE_SDY_OPENGL_R16_2016\ASIDE_SDY_OPENGL\DEBUG\UTILITIES.OBJ
E:\ASIDE_SDY_OPENGL_R16_2016\ASIDE_SDY_OPENGL\DEBUG\VC100.PDB
E:\ASIDE_SDY_OPENGL_R16_2016\ASIDE_SDY_OPENGL\DEBUG\XMLHASH.OBJ
E:\ASIDE_SDY_OPENGL_R16_2016\ASIDE_SDY_OPENGL\DEBUG\XMLPOOL.OBJ
E:\ASIDE_SDY_OPENGL_R16_2016\ASIDE_SDY_OPENGL\DEBUG\XMLSBUF.OBJ
E:\ASIDE_SDY_OPENGL_R16_2016\ASIDE_SDY_OPENGL\DEBUG\XMLVECT.OBJ
E:\ASIDE_SDY_OPENGL_R16_2016\DEBUG\ASIDE_SDY_OPENGL.EXE
E:\ASIDE_SDY_OPENGL_R16_2016\DEBUG\ASIDE_SDY_OPENGL.EXE.MANIFEST
E:\ASIDE_SDY_OPENGL_R16_2016\DEBUG\ASIDE_SDY_OPENGL.ILK
E:\ASIDE_SDY_OPENGL_R16_2016\DEBUG\ASIDE_SDY_OPENGL.PDB
