E:\SDY_OPENGL_SDD_XML_2018\SDY_R16_OPENGL_SDD_XML\DEBUG\BISTREAM.OBJ
E:\sdy_opengl_sdd_xml_2018\sdy_r16_opengl_sdd_xml\Debug\cl.command.1.tlog
E:\sdy_opengl_sdd_xml_2018\sdy_r16_opengl_sdd_xml\Debug\CL.read.1.tlog
E:\sdy_opengl_sdd_xml_2018\sdy_r16_opengl_sdd_xml\Debug\CL.write.1.tlog
E:\SDY_OPENGL_SDD_XML_2018\SDY_R16_OPENGL_SDD_XML\DEBUG\COMPOSE_STANDALONE.OBJ
E:\SDY_OPENGL_SDD_XML_2018\SDY_R16_OPENGL_SDD_XML\DEBUG\CONVERT_XML_CODE.OBJ
E:\SDY_OPENGL_SDD_XML_2018\SDY_R16_OPENGL_SDD_XML\DEBUG\DTDVALID.OBJ
E:\SDY_OPENGL_SDD_XML_2018\SDY_R16_OPENGL_SDD_XML\DEBUG\ENCODING.OBJ
E:\SDY_OPENGL_SDD_XML_2018\SDY_R16_OPENGL_SDD_XML\DEBUG\FREE_MEMORY.OBJ
E:\SDY_OPENGL_SDD_XML_2018\SDY_R16_OPENGL_SDD_XML\DEBUG\GEN_SDY_CONFIG_DD.OBJ
E:\SDY_OPENGL_SDD_XML_2018\SDY_R16_OPENGL_SDD_XML\DEBUG\GEN_SDY_OBJECT_DD.OBJ
E:\SDY_OPENGL_SDD_XML_2018\SDY_R16_OPENGL_SDD_XML\DEBUG\GEN_SDY_SOURCE_DD.OBJ
E:\SDY_OPENGL_SDD_XML_2018\SDY_R16_OPENGL_SDD_XML\DEBUG\MAIN.OBJ
E:\SDY_OPENGL_SDD_XML_2018\SDY_R16_OPENGL_SDD_XML\DEBUG\PARSE_COLOR_TABLE.OBJ
E:\SDY_OPENGL_SDD_XML_2018\SDY_R16_OPENGL_SDD_XML\DEBUG\PARSE_FONT_TABLE.OBJ
E:\SDY_OPENGL_SDD_XML_2018\SDY_R16_OPENGL_SDD_XML\DEBUG\PARSE_LINE_STIPPLE_TABLE.OBJ
E:\SDY_OPENGL_SDD_XML_2018\SDY_R16_OPENGL_SDD_XML\DEBUG\PARSE_LINE_WIDTH_TABLE.OBJ
E:\SDY_OPENGL_SDD_XML_2018\SDY_R16_OPENGL_SDD_XML\DEBUG\PARSE_OBJECT_PROPERTY.OBJ
E:\SDY_OPENGL_SDD_XML_2018\SDY_R16_OPENGL_SDD_XML\DEBUG\PARSE_SDY_PROJECT.OBJ
E:\SDY_OPENGL_SDD_XML_2018\SDY_R16_OPENGL_SDD_XML\DEBUG\PARSE_SDY_SOURCE.OBJ
E:\SDY_OPENGL_SDD_XML_2018\SDY_R16_OPENGL_SDD_XML\DEBUG\PARSE_TEXTURE_TABLE.OBJ
E:\SDY_OPENGL_SDD_XML_2018\SDY_R16_OPENGL_SDD_XML\DEBUG\PARSE_TRACE_FILE.OBJ
E:\SDY_OPENGL_SDD_XML_2018\SDY_R16_OPENGL_SDD_XML\DEBUG\PARSIFAL.OBJ
E:\SDY_OPENGL_SDD_XML_2018\SDY_R16_OPENGL_SDD_XML\DEBUG\PROCESS_FILE_AND_DIR.OBJ
E:\SDY_OPENGL_SDD_XML_2018\SDY_R16_OPENGL_SDD_XML\DEBUG\PROCESS_SDY_CODE.OBJ
E:\SDY_OPENGL_SDD_XML_2018\SDY_R16_OPENGL_SDD_XML\DEBUG\PROCESS_SDY_SOURCE_INFO.OBJ
E:\SDY_OPENGL_SDD_XML_2018\SDY_R16_OPENGL_SDD_XML\DEBUG\SCADE_DISPLAY_DIR.OBJ
E:\sdy_opengl_sdd_xml_2018\sdy_r16_opengl_sdd_xml\Debug\sdy_r16_opengl_sdd_xml.write.1.tlog
E:\SDY_OPENGL_SDD_XML_2018\SDY_R16_OPENGL_SDD_XML\DEBUG\UTILITIES.OBJ
E:\sdy_opengl_sdd_xml_2018\sdy_r16_opengl_sdd_xml\Debug\vc100.idb
E:\SDY_OPENGL_SDD_XML_2018\SDY_R16_OPENGL_SDD_XML\DEBUG\VC100.PDB
E:\SDY_OPENGL_SDD_XML_2018\SDY_R16_OPENGL_SDD_XML\DEBUG\XMLHASH.OBJ
E:\SDY_OPENGL_SDD_XML_2018\SDY_R16_OPENGL_SDD_XML\DEBUG\XMLPOOL.OBJ
E:\SDY_OPENGL_SDD_XML_2018\SDY_R16_OPENGL_SDD_XML\DEBUG\XMLSBUF.OBJ
E:\SDY_OPENGL_SDD_XML_2018\SDY_R16_OPENGL_SDD_XML\DEBUG\XMLVECT.OBJ
