E:\ASIDE_SDY_OPENGL_R16\ASIDE_SDY_OPENGL\RELEASE\ASIDE_SDY.EXE.INTERMEDIATE.MANIFEST
E:\aside_sdy_opengl_r16\aside_sdy_opengl\Release\aside_sdy_opengl.vcxprojResolveAssemblyReference.cache
E:\aside_sdy_opengl_r16\aside_sdy_opengl\Release\aside_sdy_opengl.write.1.tlog
E:\ASIDE_SDY_OPENGL_R16\ASIDE_SDY_OPENGL\RELEASE\BISTREAM.OBJ
E:\aside_sdy_opengl_r16\aside_sdy_opengl\Release\cl.command.1.tlog
E:\aside_sdy_opengl_r16\aside_sdy_opengl\Release\CL.read.1.tlog
E:\aside_sdy_opengl_r16\aside_sdy_opengl\Release\CL.write.1.tlog
E:\ASIDE_SDY_OPENGL_R16\ASIDE_SDY_OPENGL\RELEASE\CONVERT_XML_CODE.OBJ
E:\ASIDE_SDY_OPENGL_R16\ASIDE_SDY_OPENGL\RELEASE\DTDVALID.OBJ
E:\ASIDE_SDY_OPENGL_R16\ASIDE_SDY_OPENGL\RELEASE\ENCODING.OBJ
E:\ASIDE_SDY_OPENGL_R16\ASIDE_SDY_OPENGL\RELEASE\FREE_MEMORY.OBJ
E:\ASIDE_SDY_OPENGL_R16\ASIDE_SDY_OPENGL\RELEASE\GEN_SDY_CONFIG_DD.OBJ
E:\ASIDE_SDY_OPENGL_R16\ASIDE_SDY_OPENGL\RELEASE\GEN_SDY_OBJECT_DD.OBJ
E:\ASIDE_SDY_OPENGL_R16\ASIDE_SDY_OPENGL\RELEASE\GEN_SDY_SOURCE_DD.OBJ
E:\ASIDE_SDY_OPENGL_R16\ASIDE_SDY_OPENGL\RELEASE\INHERIT_TRACE_COMMENT.OBJ
E:\aside_sdy_opengl_r16\aside_sdy_opengl\Release\link.command.1.tlog
E:\aside_sdy_opengl_r16\aside_sdy_opengl\Release\link.read.1.tlog
E:\aside_sdy_opengl_r16\aside_sdy_opengl\Release\link.write.1.tlog
E:\ASIDE_SDY_OPENGL_R16\ASIDE_SDY_OPENGL\RELEASE\MAIN.OBJ
E:\aside_sdy_opengl_r16\aside_sdy_opengl\Release\mt.command.1.tlog
E:\aside_sdy_opengl_r16\aside_sdy_opengl\Release\mt.read.1.tlog
E:\aside_sdy_opengl_r16\aside_sdy_opengl\Release\mt.write.1.tlog
E:\ASIDE_SDY_OPENGL_R16\ASIDE_SDY_OPENGL\RELEASE\PARSE_COLOR_TABLE.OBJ
E:\ASIDE_SDY_OPENGL_R16\ASIDE_SDY_OPENGL\RELEASE\PARSE_FONT_TABLE.OBJ
E:\ASIDE_SDY_OPENGL_R16\ASIDE_SDY_OPENGL\RELEASE\PARSE_LINE_STIPPLE_TABLE.OBJ
E:\ASIDE_SDY_OPENGL_R16\ASIDE_SDY_OPENGL\RELEASE\PARSE_LINE_WIDTH_TABLE.OBJ
E:\ASIDE_SDY_OPENGL_R16\ASIDE_SDY_OPENGL\RELEASE\PARSE_OBJECT_PROPERTY.OBJ
E:\ASIDE_SDY_OPENGL_R16\ASIDE_SDY_OPENGL\RELEASE\PARSE_SDY_PROJECT.OBJ
E:\ASIDE_SDY_OPENGL_R16\ASIDE_SDY_OPENGL\RELEASE\PARSE_SDY_SOURCE.OBJ
E:\ASIDE_SDY_OPENGL_R16\ASIDE_SDY_OPENGL\RELEASE\PARSE_TEXTURE_TABLE.OBJ
E:\ASIDE_SDY_OPENGL_R16\ASIDE_SDY_OPENGL\RELEASE\PARSE_TRACE_FILE.OBJ
E:\ASIDE_SDY_OPENGL_R16\ASIDE_SDY_OPENGL\RELEASE\PARSIFAL.OBJ
E:\ASIDE_SDY_OPENGL_R16\ASIDE_SDY_OPENGL\RELEASE\PROCESS_FILE_AND_DIR.OBJ
E:\ASIDE_SDY_OPENGL_R16\ASIDE_SDY_OPENGL\RELEASE\PROCESS_SDY_CODE.OBJ
E:\ASIDE_SDY_OPENGL_R16\ASIDE_SDY_OPENGL\RELEASE\SCADE_DISPLAY_DIR.OBJ
E:\ASIDE_SDY_OPENGL_R16\ASIDE_SDY_OPENGL\RELEASE\UTILITIES.OBJ
E:\ASIDE_SDY_OPENGL_R16\ASIDE_SDY_OPENGL\RELEASE\VC100.PDB
E:\ASIDE_SDY_OPENGL_R16\ASIDE_SDY_OPENGL\RELEASE\XMLHASH.OBJ
E:\ASIDE_SDY_OPENGL_R16\ASIDE_SDY_OPENGL\RELEASE\XMLPOOL.OBJ
E:\ASIDE_SDY_OPENGL_R16\ASIDE_SDY_OPENGL\RELEASE\XMLSBUF.OBJ
E:\ASIDE_SDY_OPENGL_R16\ASIDE_SDY_OPENGL\RELEASE\XMLVECT.OBJ
E:\ASIDE_SDY_OPENGL_R16\DISTRIB\BIN\ASIDE_SDY.EXE
E:\ASIDE_SDY_OPENGL_R16\RELEASE\ASIDE_SDY.PDB
