E:\SDY_OPENGL_SDD_XML_2018\DISTRIB\BIN\SDY_R16_OPENGL_SDD_XML.EXE
E:\SDY_OPENGL_SDD_XML_2018\RELEASE\SDY_R16_OPENGL_SDD_XML.PDB
E:\SDY_OPENGL_SDD_XML_2018\SDY_R16_OPENGL_SDD_XML\RELEASE\BISTREAM.OBJ
E:\sdy_opengl_sdd_xml_2018\sdy_r16_opengl_sdd_xml\Release\cl.command.1.tlog
E:\sdy_opengl_sdd_xml_2018\sdy_r16_opengl_sdd_xml\Release\CL.read.1.tlog
E:\sdy_opengl_sdd_xml_2018\sdy_r16_opengl_sdd_xml\Release\CL.write.1.tlog
E:\SDY_OPENGL_SDD_XML_2018\SDY_R16_OPENGL_SDD_XML\RELEASE\COMPOSE_STANDALONE.OBJ
E:\SDY_OPENGL_SDD_XML_2018\SDY_R16_OPENGL_SDD_XML\RELEASE\CONVERT_XML_CODE.OBJ
E:\SDY_OPENGL_SDD_XML_2018\SDY_R16_OPENGL_SDD_XML\RELEASE\DTDVALID.OBJ
E:\SDY_OPENGL_SDD_XML_2018\SDY_R16_OPENGL_SDD_XML\RELEASE\ENCODING.OBJ
E:\SDY_OPENGL_SDD_XML_2018\SDY_R16_OPENGL_SDD_XML\RELEASE\FREE_MEMORY.OBJ
E:\SDY_OPENGL_SDD_XML_2018\SDY_R16_OPENGL_SDD_XML\RELEASE\GEN_SDY_CONFIG_DD.OBJ
E:\SDY_OPENGL_SDD_XML_2018\SDY_R16_OPENGL_SDD_XML\RELEASE\GEN_SDY_OBJECT_DD.OBJ
E:\SDY_OPENGL_SDD_XML_2018\SDY_R16_OPENGL_SDD_XML\RELEASE\GEN_SDY_SOURCE_DD.OBJ
E:\sdy_opengl_sdd_xml_2018\sdy_r16_opengl_sdd_xml\Release\link.command.1.tlog
E:\sdy_opengl_sdd_xml_2018\sdy_r16_opengl_sdd_xml\Release\link.read.1.tlog
E:\sdy_opengl_sdd_xml_2018\sdy_r16_opengl_sdd_xml\Release\link.write.1.tlog
E:\SDY_OPENGL_SDD_XML_2018\SDY_R16_OPENGL_SDD_XML\RELEASE\MAIN.OBJ
E:\sdy_opengl_sdd_xml_2018\sdy_r16_opengl_sdd_xml\Release\mt.command.1.tlog
E:\sdy_opengl_sdd_xml_2018\sdy_r16_opengl_sdd_xml\Release\mt.read.1.tlog
E:\sdy_opengl_sdd_xml_2018\sdy_r16_opengl_sdd_xml\Release\mt.write.1.tlog
E:\SDY_OPENGL_SDD_XML_2018\SDY_R16_OPENGL_SDD_XML\RELEASE\PARSE_COLOR_TABLE.OBJ
E:\SDY_OPENGL_SDD_XML_2018\SDY_R16_OPENGL_SDD_XML\RELEASE\PARSE_FONT_TABLE.OBJ
E:\SDY_OPENGL_SDD_XML_2018\SDY_R16_OPENGL_SDD_XML\RELEASE\PARSE_LINE_STIPPLE_TABLE.OBJ
E:\SDY_OPENGL_SDD_XML_2018\SDY_R16_OPENGL_SDD_XML\RELEASE\PARSE_LINE_WIDTH_TABLE.OBJ
E:\SDY_OPENGL_SDD_XML_2018\SDY_R16_OPENGL_SDD_XML\RELEASE\PARSE_OBJECT_PROPERTY.OBJ
E:\SDY_OPENGL_SDD_XML_2018\SDY_R16_OPENGL_SDD_XML\RELEASE\PARSE_SDY_PROJECT.OBJ
E:\SDY_OPENGL_SDD_XML_2018\SDY_R16_OPENGL_SDD_XML\RELEASE\PARSE_SDY_SOURCE.OBJ
E:\SDY_OPENGL_SDD_XML_2018\SDY_R16_OPENGL_SDD_XML\RELEASE\PARSE_TEXTURE_TABLE.OBJ
E:\SDY_OPENGL_SDD_XML_2018\SDY_R16_OPENGL_SDD_XML\RELEASE\PARSE_TRACE_FILE.OBJ
E:\SDY_OPENGL_SDD_XML_2018\SDY_R16_OPENGL_SDD_XML\RELEASE\PARSIFAL.OBJ
E:\SDY_OPENGL_SDD_XML_2018\SDY_R16_OPENGL_SDD_XML\RELEASE\PROCESS_FILE_AND_DIR.OBJ
E:\SDY_OPENGL_SDD_XML_2018\SDY_R16_OPENGL_SDD_XML\RELEASE\PROCESS_SDY_CODE.OBJ
E:\SDY_OPENGL_SDD_XML_2018\SDY_R16_OPENGL_SDD_XML\RELEASE\PROCESS_SDY_SOURCE_INFO.OBJ
E:\SDY_OPENGL_SDD_XML_2018\SDY_R16_OPENGL_SDD_XML\RELEASE\SCADE_DISPLAY_DIR.OBJ
E:\SDY_OPENGL_SDD_XML_2018\SDY_R16_OPENGL_SDD_XML\RELEASE\SDY_R16_OPENGL_SDD_XML.EXE.INTERMEDIATE.MANIFEST
E:\sdy_opengl_sdd_xml_2018\sdy_r16_opengl_sdd_xml\Release\sdy_r16_opengl_sdd_xml.write.1.tlog
E:\SDY_OPENGL_SDD_XML_2018\SDY_R16_OPENGL_SDD_XML\RELEASE\UTILITIES.OBJ
E:\SDY_OPENGL_SDD_XML_2018\SDY_R16_OPENGL_SDD_XML\RELEASE\VC100.PDB
E:\SDY_OPENGL_SDD_XML_2018\SDY_R16_OPENGL_SDD_XML\RELEASE\XMLHASH.OBJ
E:\SDY_OPENGL_SDD_XML_2018\SDY_R16_OPENGL_SDD_XML\RELEASE\XMLPOOL.OBJ
E:\SDY_OPENGL_SDD_XML_2018\SDY_R16_OPENGL_SDD_XML\RELEASE\XMLSBUF.OBJ
E:\SDY_OPENGL_SDD_XML_2018\SDY_R16_OPENGL_SDD_XML\RELEASE\XMLVECT.OBJ
