E:\需求检查工具\CHKREQ\CHKREQCONSOLE\DEBUG\CHKFUNC.OBJ
E:\需求检查工具\CHKREQ\CHKREQCONSOLE\DEBUG\CHKREQCONSOLE.EXE.EMBED.MANIFEST
E:\需求检查工具\CHKREQ\CHKREQCONSOLE\DEBUG\CHKREQCONSOLE.EXE.EMBED.MANIFEST.RES
E:\需求检查工具\CHKREQ\CHKREQCONSOLE\DEBUG\CHKREQCONSOLE.EXE.INTERMEDIATE.MANIFEST
E:\需求检查工具\CHKREQ\CHKREQCONSOLE\DEBUG\CHKREQCONSOLE.OBJ
E:\需求检查工具\CHKREQ\CHKREQCONSOLE\DEBUG\CHKREQCONSOLE.PCH
E:\需求检查工具\CHKREQ\CHKREQCONSOLE\DEBUG\CHKREQCONSOLE.RES
E:\需求检查工具\CHKREQ\CHKREQCONSOLE\DEBUG\SEMANTICS.OBJ
E:\需求检查工具\CHKREQ\CHKREQCONSOLE\DEBUG\STDAFX.OBJ
E:\需求检查工具\CHKREQ\CHKREQCONSOLE\DEBUG\SYNTAX.OBJ
E:\需求检查工具\CHKREQ\CHKREQCONSOLE\DEBUG\TOKEN.OBJ
E:\需求检查工具\CHKREQ\CHKREQCONSOLE\DEBUG\VC100.PDB
E:\需求检查工具\CHKREQ\DEBUG\CHKREQCONSOLE.EXE
E:\需求检查工具\CHKREQ\DEBUG\CHKREQCONSOLE.ILK
E:\需求检查工具\CHKREQ\DEBUG\CHKREQCONSOLE.PDB
F:\LRG_WORKSPACE\需求检查工具\chkreq\ChkReqConsole\Debug\ChkFunc.obj
F:\LRG_WORKSPACE\需求检查工具\chkreq\ChkReqConsole\Debug\ChkReqConsole.exe.embed.manifest
F:\LRG_WORKSPACE\需求检查工具\chkreq\ChkReqConsole\Debug\ChkReqConsole.exe.embed.manifest.res
F:\LRG_WORKSPACE\需求检查工具\chkreq\ChkReqConsole\Debug\ChkReqConsole.exe.intermediate.manifest
F:\LRG_WORKSPACE\需求检查工具\chkreq\ChkReqConsole\Debug\ChkReqConsole.obj
F:\LRG_WORKSPACE\需求检查工具\chkreq\ChkReqConsole\Debug\ChkReqConsole.pch
F:\LRG_WORKSPACE\需求检查工具\chkreq\ChkReqConsole\Debug\ChkReqConsole.res
F:\LRG_WORKSPACE\需求检查工具\chkreq\ChkReqConsole\Debug\ChkReqConsole_manifest.rc
F:\LRG_WORKSPACE\需求检查工具\chkreq\ChkReqConsole\Debug\cl.command.1.tlog
F:\LRG_WORKSPACE\需求检查工具\chkreq\ChkReqConsole\Debug\CL.read.1.tlog
F:\LRG_WORKSPACE\需求检查工具\chkreq\ChkReqConsole\Debug\CL.write.1.tlog
F:\LRG_WORKSPACE\需求检查工具\chkreq\ChkReqConsole\Debug\link.3388.read.1.tlog
F:\LRG_WORKSPACE\需求检查工具\chkreq\ChkReqConsole\Debug\link.3388.write.1.tlog
F:\LRG_WORKSPACE\需求检查工具\chkreq\ChkReqConsole\Debug\link.3388-cvtres.read.1.tlog
F:\LRG_WORKSPACE\需求检查工具\chkreq\ChkReqConsole\Debug\link.3388-cvtres.write.1.tlog
F:\LRG_WORKSPACE\需求检查工具\chkreq\ChkReqConsole\Debug\link.3672.read.1.tlog
F:\LRG_WORKSPACE\需求检查工具\chkreq\ChkReqConsole\Debug\link.3672.write.1.tlog
F:\LRG_WORKSPACE\需求检查工具\chkreq\ChkReqConsole\Debug\link.3672-cvtres.read.1.tlog
F:\LRG_WORKSPACE\需求检查工具\chkreq\ChkReqConsole\Debug\link.3672-cvtres.write.1.tlog
F:\LRG_WORKSPACE\需求检查工具\chkreq\ChkReqConsole\Debug\link.command.1.tlog
F:\LRG_WORKSPACE\需求检查工具\chkreq\ChkReqConsole\Debug\link.read.1.tlog
F:\LRG_WORKSPACE\需求检查工具\chkreq\ChkReqConsole\Debug\link.write.1.tlog
F:\LRG_WORKSPACE\需求检查工具\chkreq\ChkReqConsole\Debug\link-cvtres.read.1.tlog
F:\LRG_WORKSPACE\需求检查工具\chkreq\ChkReqConsole\Debug\link-cvtres.write.1.tlog
F:\LRG_WORKSPACE\需求检查工具\chkreq\ChkReqConsole\Debug\mt.command.1.tlog
F:\LRG_WORKSPACE\需求检查工具\chkreq\ChkReqConsole\Debug\mt.read.1.tlog
F:\LRG_WORKSPACE\需求检查工具\chkreq\ChkReqConsole\Debug\mt.write.1.tlog
F:\LRG_WORKSPACE\需求检查工具\chkreq\ChkReqConsole\Debug\rc.command.1.tlog
F:\LRG_WORKSPACE\需求检查工具\chkreq\ChkReqConsole\Debug\rc.read.1.tlog
F:\LRG_WORKSPACE\需求检查工具\chkreq\ChkReqConsole\Debug\rc.write.1.tlog
F:\LRG_WORKSPACE\需求检查工具\chkreq\ChkReqConsole\Debug\semantics.obj
F:\LRG_WORKSPACE\需求检查工具\chkreq\ChkReqConsole\Debug\stdafx.obj
F:\LRG_WORKSPACE\需求检查工具\chkreq\ChkReqConsole\Debug\syntax.obj
F:\LRG_WORKSPACE\需求检查工具\chkreq\ChkReqConsole\Debug\token.obj
F:\LRG_WORKSPACE\需求检查工具\chkreq\ChkReqConsole\Debug\vc100.idb
F:\LRG_WORKSPACE\需求检查工具\chkreq\ChkReqConsole\Debug\vc100.pdb
F:\LRG_WORKSPACE\需求检查工具\chkreq\Debug\ChkReqConsole.exe
F:\LRG_WORKSPACE\需求检查工具\chkreq\Debug\ChkReqConsole.ilk
F:\LRG_WORKSPACE\需求检查工具\chkreq\Debug\ChkReqConsole.pdb
