生成启动时间为 2014/8/21 9:34:56。
     1>项目“F:\LRG_WORKSPACE\需求检查工具\chkreq\ChkReqConsole\ChkReqConsole.vcxproj”在节点 2 上(build 个目标)。
     1>InitializeBuildStatus:
         正在创建“Debug\ChkReqConsole.unsuccessfulbuild”，因为已指定“AlwaysCreate”。
       ClCompile:
         所有输出均为最新。
         C:\Program Files (x86)\Microsoft Visual Studio 10.0\VC\bin\CL.exe /c /ZI /nologo /W3 /WX- /Od /Oy- /D WIN32 /D _DEBUG /D _CONSOLE /D SYSTEM_FIELD_NAME /D _UNICODE /D UNICODE /D _AFXDLL /Gm /EHsc /RTC1 /MDd /GS /fp:precise /Zc:wchar_t /Zc:forScope /Yu"StdAfx.h" /Fp"Debug\ChkReqConsole.pch" /Fo"Debug\\" /Fd"Debug\vc100.pdb" /Gd /TP /analyze- /errorReport:prompt syntax.cpp
         syntax.cpp
       ResourceCompile:
         所有输出均为最新。
       ManifestResourceCompile:
         所有输出均为最新。
       Link:
         C:\Program Files (x86)\Microsoft Visual Studio 10.0\VC\bin\link.exe /ERRORREPORT:PROMPT /OUT:"F:\LRG_WORKSPACE\需求检查工具\chkreq\Debug\ChkReqConsole.exe" /INCREMENTAL /NOLOGO /MANIFEST /ManifestFile:"Debug\ChkReqConsole.exe.intermediate.manifest" /MANIFESTUAC:"level='asInvoker' uiAccess='false'" /DEBUG /PDB:"F:\LRG_WORKSPACE\需求检查工具\chkreq\Debug\ChkReqConsole.pdb" /SUBSYSTEM:CONSOLE /TLBID:1 /DYNAMICBASE /NXCOMPAT /IMPLIB:"F:\LRG_WORKSPACE\需求检查工具\chkreq\Debug\ChkReqConsole.lib" /MACHINE:X86 Debug\ChkReqConsole.res
         Debug\ChkReqConsole.exe.embed.manifest.res
         Debug\ChkFunc.obj
         Debug\ChkReqConsole.obj
         Debug\semantics.obj
         Debug\stdafx.obj
         Debug\syntax.obj
         Debug\token.obj
       Manifest:
         C:\Program Files (x86)\Microsoft SDKs\Windows\v7.0A\bin\mt.exe /nologo /verbose /out:"Debug\ChkReqConsole.exe.embed.manifest" /manifest Debug\ChkReqConsole.exe.intermediate.manifest "C:\Program Files (x86)\Microsoft Visual Studio 10.0\VC\Include\Manifest\dpiaware.manifest"
         所有输出均为最新。
       LinkEmbedManifest:
         所有输出均为最新。
         ChkReqConsole.vcxproj -> F:\LRG_WORKSPACE\需求检查工具\chkreq\Debug\ChkReqConsole.exe
       FinalizeBuildStatus:
         正在删除文件“Debug\ChkReqConsole.unsuccessfulbuild”。
         正在对“Debug\ChkReqConsole.lastbuildstate”执行 Touch 任务。
     1>已完成生成项目“F:\LRG_WORKSPACE\需求检查工具\chkreq\ChkReqConsole\ChkReqConsole.vcxproj”(build 个目标)的操作。

生成成功。

已用时间 00:00:01.52
