生成启动时间为 2018/12/27 8:56:32。
     1>项目“E:\sdy_opengl_sdd_doc_2018\sdyddword\sdyddword.vcxproj”在节点 2 上(build 个目标)。
     1>InitializeBuildStatus:
         正在创建“Debug\sdyddword.unsuccessfulbuild”，因为已指定“AlwaysCreate”。
       ClCompile:
         所有输出均为最新。
         C:\Program Files (x86)\Microsoft Visual Studio 10.0\VC\bin\CL.exe /c /I..\CWordInclude /I..\CXMLInclude /ZI /nologo /W3 /WX- /Od /Oy- /D WIN32 /D _DEBUG /D _CONSOLE /D _CRT_SECURE_NO_WARNINGS /D _CRT_NON_CONFORMING_SWPRINTFS /D _UNICODE /D UNICODE /D _AFXDLL /Gm /EHsc /RTC1 /MDd /GS /fp:precise /Zc:wchar_t /Zc:forScope /Yu"StdAfx.h" /Fp"Debug\sdyddword.pch" /Fo"Debug\\" /Fd"Debug\vc100.pdb" /Gd /TP /analyze- /errorReport:prompt word_file.cpp
         word_file.cpp
       ResourceCompile:
         所有输出均为最新。
       ManifestResourceCompile:
         所有输出均为最新。
       Link:
         C:\Program Files (x86)\Microsoft Visual Studio 10.0\VC\bin\link.exe /ERRORREPORT:PROMPT /OUT:"E:\sdy_opengl_sdd_doc_2018\Debug\sdyddword.exe" /INCREMENTAL /NOLOGO /MANIFEST /ManifestFile:"Debug\sdyddword.exe.intermediate.manifest" /MANIFESTUAC:"level='asInvoker' uiAccess='false'" /DEBUG /PDB:"E:\sdy_opengl_sdd_doc_2018\Debug\sdyddword.pdb" /SUBSYSTEM:CONSOLE /TLBID:1 /DYNAMICBASE /NXCOMPAT /IMPLIB:"E:\sdy_opengl_sdd_doc_2018\Debug\sdyddword.lib" /MACHINE:X86 Debug\sdyddword.res
         Debug\sdyddword.exe.embed.manifest.res
         Debug\obj_template.obj
         Debug\sdd_file.obj
         Debug\sdyddword.obj
         Debug\stdafx.obj
         Debug\utilities.obj
         Debug\word_file.obj
         Debug\xml_file.obj
       Manifest:
         C:\Program Files (x86)\Microsoft SDKs\Windows\v7.0A\bin\mt.exe /nologo /verbose /out:"Debug\sdyddword.exe.embed.manifest" /manifest Debug\sdyddword.exe.intermediate.manifest "C:\Program Files (x86)\Microsoft Visual Studio 10.0\VC\Include\Manifest\dpiaware.manifest"
         所有输出均为最新。
       LinkEmbedManifest:
         所有输出均为最新。
         sdyddword.vcxproj -> E:\sdy_opengl_sdd_doc_2018\Debug\sdyddword.exe
       FinalizeBuildStatus:
         正在删除文件“Debug\sdyddword.unsuccessfulbuild”。
         正在对“Debug\sdyddword.lastbuildstate”执行 Touch 任务。
     1>已完成生成项目“E:\sdy_opengl_sdd_doc_2018\sdyddword\sdyddword.vcxproj”(build 个目标)的操作。

生成成功。

已用时间 00:00:01.42
