E:\SDY_OPENGL_SDD_DOC_2018\DEBUG\SDYDDWORD.EXE
E:\SDY_OPENGL_SDD_DOC_2018\DEBUG\SDYDDWORD.ILK
E:\SDY_OPENGL_SDD_DOC_2018\DEBUG\SDYDDWORD.PDB
E:\sdy_opengl_sdd_doc_2018\sdyddword\Debug\cl.command.1.tlog
E:\sdy_opengl_sdd_doc_2018\sdyddword\Debug\CL.read.1.tlog
E:\sdy_opengl_sdd_doc_2018\sdyddword\Debug\CL.write.1.tlog
E:\sdy_opengl_sdd_doc_2018\sdyddword\Debug\link.11768.read.1.tlog
E:\sdy_opengl_sdd_doc_2018\sdyddword\Debug\link.11768.write.1.tlog
E:\sdy_opengl_sdd_doc_2018\sdyddword\Debug\link.11768-cvtres.read.1.tlog
E:\sdy_opengl_sdd_doc_2018\sdyddword\Debug\link.11768-cvtres.write.1.tlog
E:\sdy_opengl_sdd_doc_2018\sdyddword\Debug\link.14320.read.1.tlog
E:\sdy_opengl_sdd_doc_2018\sdyddword\Debug\link.14320.write.1.tlog
E:\sdy_opengl_sdd_doc_2018\sdyddword\Debug\link.14320-cvtres.read.1.tlog
E:\sdy_opengl_sdd_doc_2018\sdyddword\Debug\link.14320-cvtres.write.1.tlog
E:\sdy_opengl_sdd_doc_2018\sdyddword\Debug\link.command.1.tlog
E:\sdy_opengl_sdd_doc_2018\sdyddword\Debug\link.read.1.tlog
E:\sdy_opengl_sdd_doc_2018\sdyddword\Debug\link.write.1.tlog
E:\sdy_opengl_sdd_doc_2018\sdyddword\Debug\link-cvtres.read.1.tlog
E:\sdy_opengl_sdd_doc_2018\sdyddword\Debug\link-cvtres.write.1.tlog
E:\sdy_opengl_sdd_doc_2018\sdyddword\Debug\mt.command.1.tlog
E:\sdy_opengl_sdd_doc_2018\sdyddword\Debug\mt.read.1.tlog
E:\sdy_opengl_sdd_doc_2018\sdyddword\Debug\mt.write.1.tlog
E:\SDY_OPENGL_SDD_DOC_2018\SDYDDWORD\DEBUG\OBJ_TEMPLATE.OBJ
E:\sdy_opengl_sdd_doc_2018\sdyddword\Debug\rc.command.1.tlog
E:\sdy_opengl_sdd_doc_2018\sdyddword\Debug\rc.read.1.tlog
E:\sdy_opengl_sdd_doc_2018\sdyddword\Debug\rc.write.1.tlog
E:\SDY_OPENGL_SDD_DOC_2018\SDYDDWORD\DEBUG\SDD_FILE.OBJ
E:\SDY_OPENGL_SDD_DOC_2018\SDYDDWORD\DEBUG\SDYDDWORD.EXE.EMBED.MANIFEST
E:\SDY_OPENGL_SDD_DOC_2018\SDYDDWORD\DEBUG\SDYDDWORD.EXE.EMBED.MANIFEST.RES
E:\SDY_OPENGL_SDD_DOC_2018\SDYDDWORD\DEBUG\SDYDDWORD.EXE.INTERMEDIATE.MANIFEST
E:\SDY_OPENGL_SDD_DOC_2018\SDYDDWORD\DEBUG\SDYDDWORD.OBJ
E:\SDY_OPENGL_SDD_DOC_2018\SDYDDWORD\DEBUG\SDYDDWORD.PCH
E:\SDY_OPENGL_SDD_DOC_2018\SDYDDWORD\DEBUG\SDYDDWORD.RES
E:\sdy_opengl_sdd_doc_2018\sdyddword\Debug\sdyddword.vcxprojResolveAssemblyReference.cache
E:\sdy_opengl_sdd_doc_2018\sdyddword\Debug\sdyddword.write.1.tlog
E:\sdy_opengl_sdd_doc_2018\sdyddword\Debug\sdyddword_manifest.rc
E:\SDY_OPENGL_SDD_DOC_2018\SDYDDWORD\DEBUG\STDAFX.OBJ
E:\SDY_OPENGL_SDD_DOC_2018\SDYDDWORD\DEBUG\UTILITIES.OBJ
E:\sdy_opengl_sdd_doc_2018\sdyddword\Debug\vc100.idb
E:\SDY_OPENGL_SDD_DOC_2018\SDYDDWORD\DEBUG\VC100.PDB
E:\SDY_OPENGL_SDD_DOC_2018\SDYDDWORD\DEBUG\WORD_FILE.OBJ
E:\SDY_OPENGL_SDD_DOC_2018\SDYDDWORD\DEBUG\XML_FILE.OBJ
